Arguments: 
  C:\Program Files\nodejs\node.exe C:\Users\abdur\AppData\Roaming\npm\node_modules\yarn\bin\yarn.js add tailwindcss -D

PATH: 
  C:\Windows\system32;C:\Windows;C:\Windows\System32\Wbem;C:\Windows\System32\WindowsPowerShell\v1.0\;C:\Windows\System32\OpenSSH\;C:\Program Files (x86)\NVIDIA Corporation\PhysX\Common;C:\Program Files\NVIDIA Corporation\NVIDIA NvDLISR;C:\Program Files\nodejs\;C:\Users\abdur\AppData\Local\Microsoft\WindowsApps;;C:\Users\abdur\AppData\Local\Programs\Microsoft VS Code\bin;C:\Users\abdur\AppData\Roaming\npm

Yarn version: 
  1.22.19

Node version: 
  18.16.0

Platform: 
  win32 x64

Trace: 
  Error: EPERM: operation not permitted, unlink 'C:\Users\abdur\AppData\Local\Yarn\Cache\v6\npm-csso-4.2.0-ea3a561346e8dc9f546d6febedd50187cf389529-integrity\node_modules\csso\.yarn-tarball.tgz'

npm manifest: 
  {
    "name": "stepout",
    "version": "1.0.0",
    "main": "node_modules/expo/AppEntry.js",
    "scripts": {
      "start": "expo start",
      "android": "expo start --android",
      "ios": "expo start --ios",
      "web": "expo start --web"
    },
    "dependencies": {
      "expo": "~48.0.18",
      "expo-status-bar": "~1.4.4",
      "react": "18.2.0",
      "react-native": "0.71.8",
      "react-native-web": "~0.18.10",
      "react-dom": "18.2.0",
      "@expo/webpack-config": "^18.0.1"
    },
    "devDependencies": {
      "@babel/core": "^7.20.0"
    },
    "private": true
  }

yarn manifest: 
  No manifest

Lockfile: 
  No lockfile
